<?xml version="1.0" encoding="UTF-8"?>
<!-- Generated by org.testng.reporters.JUnitReportReporter -->
<testsuite hostname="DESKTOP-KV3D9BQ" failures="0" tests="4" name="rest.assured.testscripts.Ceate_Update_Delete_Resource" time="5.321" errors="0" timestamp="2023-06-02T10:31:29 EDT" skipped="0">
  <testcase classname="rest.assured.testscripts.Ceate_Update_Delete_Resource" name="createResource" time="2.597"/>
  <system-out/>
  <testcase classname="rest.assured.testscripts.Ceate_Update_Delete_Resource" name="verifyResourceExistence" time="1.096"/>
  <system-out/>
  <testcase classname="rest.assured.testscripts.Ceate_Update_Delete_Resource" name="udateResource" time="0.577"/>
  <system-out/>
  <testcase classname="rest.assured.testscripts.Ceate_Update_Delete_Resource" name="deleteResource" time="1.051"/>
  <system-out/>
</testsuite> <!-- rest.assured.testscripts.Ceate_Update_Delete_Resource -->
